# JRE version: OpenJDK Runtime Environment Temurin-21.0.10+7 (21.0.10+7) (build 21.0.10+7-LTS)
# Java VM: OpenJDK 64-Bit Server VM Temurin-21.0.10+7 (21.0.10+7-LTS, mixed mode, sharing, tiered, compressed oops, compressed class ptrs, g1 gc, windows-amd64)
GC Precious Log:
 CardTable entry size: 512
 Card Set container configuration: InlinePtr #cards 4 size 8 Array Of Cards #cards 32 size 80 Howl #buckets 8 coarsen threshold 7372 Howl Bitmap #cards 1024 size 144 coarsen threshold 921 Card regions per heap region 1 cards per card region 8192
 CPUs: 16 total, 16 available
 Memory: 16051M
 Large Page Support: Disabled
 NUMA Support: Disabled
 Compressed Oops: Enabled (Zero based)
 Heap Region Size: 4M
 Heap Min Capacity: 8M
 Heap Initial Capacity: 252M
 Heap Max Capacity: 8G
 Pre-touch: Disabled
 Parallel Workers: 13
 Concurrent Workers: 3
 Concurrent Refinement Workers: 13
 Periodic GC: Disabled
Heap:
 garbage-first heap   total 143360K, used 125802K [0x0000000600000000, 0x0000000800000000)
  region size 4096K, 12 young (49152K), 2 survivors (8192K)
 Metaspace       used 81343K, committed 83520K, reserved 1179648K
  class space    used 11736K, committed 12800K, reserved 1048576K
GC Heap History (20 events):
Event: 17.643 GC heap after
{Heap after GC invocations=18 (full 0):
 garbage-first heap   total 106496K, used 57551K [0x0000000600000000, 0x0000000800000000)
  region size 4096K, 1 young (4096K), 1 survivors (4096K)
 Metaspace       used 65939K, committed 67968K, reserved 1114112K
  class space    used 9550K, committed 10560K, reserved 1048576K
}
Event: 18.191 GC heap before
{Heap before GC invocations=18 (full 0):
 garbage-first heap   total 106496K, used 90319K [0x0000000600000000, 0x0000000800000000)
  region size 4096K, 9 young (36864K), 1 survivors (4096K)
 Metaspace       used 68355K, committed 70336K, reserved 1114112K
  class space    used 9884K, committed 10880K, reserved 1048576K
}
Event: 18.196 GC heap after
{Heap after GC invocations=19 (full 0):
 garbage-first heap   total 106496K, used 58987K [0x0000000600000000, 0x0000000800000000)
  region size 4096K, 1 young (4096K), 1 survivors (4096K)
 Metaspace       used 68355K, committed 70336K, reserved 1114112K
  class space    used 9884K, committed 10880K, reserved 1048576K
}
Event: 18.643 GC heap before
{Heap before GC invocations=20 (full 0):
 garbage-first heap   total 106496K, used 95851K [0x0000000600000000, 0x0000000800000000)
  region size 4096K, 9 young (36864K), 1 survivors (4096K)
 Metaspace       used 70367K, committed 72320K, reserved 1114112K
  class space    used 10175K, committed 11136K, reserved 1048576K
}
Event: 18.646 GC heap after
{Heap after GC invocations=21 (full 0):
 garbage-first heap   total 106496K, used 64309K [0x0000000600000000, 0x0000000800000000)
  region size 4096K, 1 young (4096K), 1 survivors (4096K)
 Metaspace       used 70367K, committed 72320K, reserved 1114112K
  class space    used 10175K, committed 11136K, reserved 1048576K
}
Event: 19.103 GC heap before
{Heap before GC invocations=21 (full 0):
 garbage-first heap   total 106496K, used 97077K [0x0000000600000000, 0x0000000800000000)
  region size 4096K, 9 young (36864K), 1 survivors (4096K)
 Metaspace       used 72212K, committed 74240K, reserved 1114112K
  class space    used 10444K, committed 11456K, reserved 1048576K
}
Event: 19.110 GC heap after
{Heap after GC invocations=22 (full 0):
 garbage-first heap   total 110592K, used 66971K [0x0000000600000000, 0x0000000800000000)
  region size 4096K, 2 young (8192K), 2 survivors (8192K)
 Metaspace       used 72212K, committed 74240K, reserved 1114112K
  class space    used 10444K, committed 11456K, reserved 1048576K
}
Event: 19.736 GC heap before
{Heap before GC invocations=22 (full 0):
 garbage-first heap   total 110592K, used 95643K [0x0000000600000000, 0x0000000800000000)
  region size 4096K, 9 young (36864K), 2 survivors (8192K)
 Metaspace       used 73981K, committed 76032K, reserved 1114112K
  class space    used 10696K, committed 11712K, reserved 1048576K
}
Event: 19.747 GC heap after
{Heap after GC invocations=23 (full 0):
 garbage-first heap   total 135168K, used 68503K [0x0000000600000000, 0x0000000800000000)
  region size 4096K, 2 young (8192K), 2 survivors (8192K)
 Metaspace       used 73981K, committed 76032K, reserved 1114112K
  class space    used 10696K, committed 11712K, reserved 1048576K
}
Event: 24.592 GC heap before
{Heap before GC invocations=24 (full 0):
 garbage-first heap   total 135168K, used 113559K [0x0000000600000000, 0x0000000800000000)
  region size 4096K, 14 young (57344K), 2 survivors (8192K)
 Metaspace       used 77657K, committed 79808K, reserved 1179648K
  class space    used 11310K, committed 12352K, reserved 1048576K
}
Event: 24.598 GC heap after
{Heap after GC invocations=25 (full 0):
 garbage-first heap   total 135168K, used 73194K [0x0000000600000000, 0x0000000800000000)
  region size 4096K, 2 young (8192K), 2 survivors (8192K)
 Metaspace       used 77657K, committed 79808K, reserved 1179648K
  class space    used 11310K, committed 12352K, reserved 1048576K
}
Event: 28.312 GC heap before
{Heap before GC invocations=25 (full 0):
 garbage-first heap   total 135168K, used 118250K [0x0000000600000000, 0x0000000800000000)
  region size 4096K, 13 young (53248K), 2 survivors (8192K)
 Metaspace       used 78980K, committed 81152K, reserved 1179648K
  class space    used 11447K, committed 12544K, reserved 1048576K
}
Event: 28.320 GC heap after
{Heap after GC invocations=26 (full 0):
 garbage-first heap   total 135168K, used 77318K [0x0000000600000000, 0x0000000800000000)
  region size 4096K, 2 young (8192K), 2 survivors (8192K)
 Metaspace       used 78980K, committed 81152K, reserved 1179648K
  class space    used 11447K, committed 12544K, reserved 1048576K
}
Event: 29.302 GC heap before
{Heap before GC invocations=26 (full 0):
 garbage-first heap   total 135168K, used 118278K [0x0000000600000000, 0x0000000800000000)
  region size 4096K, 13 young (53248K), 2 survivors (8192K)
 Metaspace       used 79053K, committed 81216K, reserved 1179648K
  class space    used 11450K, committed 12544K, reserved 1048576K
}
Event: 29.308 GC heap after
{Heap after GC invocations=27 (full 0):
 garbage-first heap   total 139264K, used 80183K [0x0000000600000000, 0x0000000800000000)
  region size 4096K, 2 young (8192K), 2 survivors (8192K)
 Metaspace       used 79053K, committed 81216K, reserved 1179648K
  class space    used 11450K, committed 12544K, reserved 1048576K
}
Event: 30.304 GC heap before
{Heap before GC invocations=28 (full 0):
 garbage-first heap   total 143360K, used 117047K [0x0000000600000000, 0x0000000800000000)
  region size 4096K, 12 young (49152K), 2 survivors (8192K)
 Metaspace       used 79062K, committed 81216K, reserved 1179648K
  class space    used 11450K, committed 12544K, reserved 1048576K
}
Event: 30.309 GC heap after
{Heap after GC invocations=29 (full 0):
 garbage-first heap   total 143360K, used 81340K [0x0000000600000000, 0x0000000800000000)
  region size 4096K, 2 young (8192K), 2 survivors (8192K)
 Metaspace       used 79062K, committed 81216K, reserved 1179648K
  class space    used 11450K, committed 12544K, reserved 1048576K
}
Event: 34.755 GC heap before
{Heap before GC invocations=29 (full 0):
 garbage-first heap   total 143360K, used 122300K [0x0000000600000000, 0x0000000800000000)
  region size 4096K, 13 young (53248K), 2 survivors (8192K)
 Metaspace       used 79865K, committed 81984K, reserved 1179648K
  class space    used 11548K, committed 12608K, reserved 1048576K
}
Event: 34.761 GC heap after
{Heap after GC invocations=30 (full 0):
 garbage-first heap   total 143360K, used 84842K [0x0000000600000000, 0x0000000800000000)
  region size 4096K, 2 young (8192K), 2 survivors (8192K)
 Metaspace       used 79865K, committed 81984K, reserved 1179648K
  class space    used 11548K, committed 12608K, reserved 1048576K
}
Event: 51.348 GC heap before
{Heap before GC invocations=30 (full 0):
 garbage-first heap   total 143360K, used 121706K [0x0000000600000000, 0x0000000800000000)
  region size 4096K, 12 young (49152K), 2 survivors (8192K)
 Metaspace       used 81343K, committed 83520K, reserved 1179648K
  class space    used 11736K, committed 12800K, reserved 1048576K
}

